[DEBUG] 02-02-2023 16:06:51.368 [main] PackageRelationshipCollection - Parsing relationship: /xl/_rels/workbook.xml.rels
[DEBUG] 02-02-2023 16:06:51.373 [main] PackageRelationshipCollection - Parsing relationship: /xl/worksheets/_rels/sheet1.xml.rels
[DEBUG] 02-02-2023 16:06:51.374 [main] PackageRelationshipCollection - Parsing relationship: /xl/worksheets/_rels/sheet2.xml.rels
[DEBUG] 02-02-2023 16:06:51.375 [main] PackageRelationshipCollection - Parsing relationship: /_rels/.rels
[DEBUG] 02-02-2023 16:06:51.689 [main] POIXMLFactory - using default POIXMLDocumentPart for http://schemas.openxmlformats.org/officeDocument/2006/relationships/printerSettings
[DEBUG] 02-02-2023 16:06:51.689 [main] POIXMLFactory - using default POIXMLDocumentPart for http://schemas.openxmlformats.org/officeDocument/2006/relationships/printerSettings
[INFO ] 02-02-2023 16:06:53.611 [main] LogUtil - Service is started
[INFO ] 02-02-2023 16:06:53.611 [main] LogUtil - Service is started
[DEBUG] 02-02-2023 16:06:54.300 [main] PackageRelationshipCollection - Parsing relationship: /xl/_rels/workbook.xml.rels
[DEBUG] 02-02-2023 16:06:54.301 [main] PackageRelationshipCollection - Parsing relationship: /xl/worksheets/_rels/sheet1.xml.rels
[DEBUG] 02-02-2023 16:06:54.302 [main] PackageRelationshipCollection - Parsing relationship: /xl/worksheets/_rels/sheet2.xml.rels
[DEBUG] 02-02-2023 16:06:54.302 [main] PackageRelationshipCollection - Parsing relationship: /_rels/.rels
[DEBUG] 02-02-2023 16:06:54.312 [main] POIXMLFactory - using default POIXMLDocumentPart for http://schemas.openxmlformats.org/officeDocument/2006/relationships/printerSettings
[DEBUG] 02-02-2023 16:06:54.313 [main] POIXMLFactory - using default POIXMLDocumentPart for http://schemas.openxmlformats.org/officeDocument/2006/relationships/printerSettings
[INFO ] 02-02-2023 16:07:00.618 [main] LogUtil - Driver Initiated
[INFO ] 02-02-2023 16:07:00.618 [main] LogUtil - Driver Initiated
[INFO ] 02-02-2023 16:07:00.619 [main] LogUtil - ******************** App Started ********************
[INFO ] 02-02-2023 16:07:00.619 [main] LogUtil - ******************** App Started ********************
[DEBUG] 02-02-2023 16:07:00.634 [main] PackageRelationshipCollection - Parsing relationship: /xl/_rels/workbook.xml.rels
[DEBUG] 02-02-2023 16:07:00.636 [main] PackageRelationshipCollection - Parsing relationship: /xl/worksheets/_rels/sheet1.xml.rels
[DEBUG] 02-02-2023 16:07:00.636 [main] PackageRelationshipCollection - Parsing relationship: /xl/worksheets/_rels/sheet2.xml.rels
[DEBUG] 02-02-2023 16:07:00.637 [main] PackageRelationshipCollection - Parsing relationship: /_rels/.rels
[DEBUG] 02-02-2023 16:07:00.652 [main] POIXMLFactory - using default POIXMLDocumentPart for http://schemas.openxmlformats.org/officeDocument/2006/relationships/printerSettings
[DEBUG] 02-02-2023 16:07:00.653 [main] POIXMLFactory - using default POIXMLDocumentPart for http://schemas.openxmlformats.org/officeDocument/2006/relationships/printerSettings
[DEBUG] 02-02-2023 16:07:00.673 [main] PackageRelationshipCollection - Parsing relationship: /xl/_rels/workbook.xml.rels
[DEBUG] 02-02-2023 16:07:00.674 [main] PackageRelationshipCollection - Parsing relationship: /xl/worksheets/_rels/sheet1.xml.rels
[DEBUG] 02-02-2023 16:07:00.675 [main] PackageRelationshipCollection - Parsing relationship: /xl/worksheets/_rels/sheet2.xml.rels
[DEBUG] 02-02-2023 16:07:00.676 [main] PackageRelationshipCollection - Parsing relationship: /_rels/.rels
[DEBUG] 02-02-2023 16:07:00.687 [main] POIXMLFactory - using default POIXMLDocumentPart for http://schemas.openxmlformats.org/officeDocument/2006/relationships/printerSettings
[DEBUG] 02-02-2023 16:07:00.687 [main] POIXMLFactory - using default POIXMLDocumentPart for http://schemas.openxmlformats.org/officeDocument/2006/relationships/printerSettings
[DEBUG] 02-02-2023 16:07:00.849 [main] PackageRelationshipCollection - Parsing relationship: /xl/_rels/workbook.xml.rels
[DEBUG] 02-02-2023 16:07:00.850 [main] PackageRelationshipCollection - Parsing relationship: /xl/worksheets/_rels/sheet1.xml.rels
[DEBUG] 02-02-2023 16:07:00.851 [main] PackageRelationshipCollection - Parsing relationship: /xl/worksheets/_rels/sheet2.xml.rels
[DEBUG] 02-02-2023 16:07:00.852 [main] PackageRelationshipCollection - Parsing relationship: /_rels/.rels
[DEBUG] 02-02-2023 16:07:00.863 [main] POIXMLFactory - using default POIXMLDocumentPart for http://schemas.openxmlformats.org/officeDocument/2006/relationships/printerSettings
[DEBUG] 02-02-2023 16:07:00.863 [main] POIXMLFactory - using default POIXMLDocumentPart for http://schemas.openxmlformats.org/officeDocument/2006/relationships/printerSettings
[DEBUG] 02-02-2023 16:07:00.905 [main] PackageRelationshipCollection - Parsing relationship: /xl/_rels/workbook.xml.rels
[DEBUG] 02-02-2023 16:07:00.907 [main] PackageRelationshipCollection - Parsing relationship: /xl/worksheets/_rels/sheet1.xml.rels
[DEBUG] 02-02-2023 16:07:00.908 [main] PackageRelationshipCollection - Parsing relationship: /xl/worksheets/_rels/sheet2.xml.rels
[DEBUG] 02-02-2023 16:07:00.909 [main] PackageRelationshipCollection - Parsing relationship: /_rels/.rels
[DEBUG] 02-02-2023 16:07:00.920 [main] POIXMLFactory - using default POIXMLDocumentPart for http://schemas.openxmlformats.org/officeDocument/2006/relationships/printerSettings
[DEBUG] 02-02-2023 16:07:00.922 [main] POIXMLFactory - using default POIXMLDocumentPart for http://schemas.openxmlformats.org/officeDocument/2006/relationships/printerSettings
[DEBUG] 02-02-2023 16:07:00.970 [main] PackageRelationshipCollection - Parsing relationship: /xl/_rels/workbook.xml.rels
[DEBUG] 02-02-2023 16:07:00.971 [main] PackageRelationshipCollection - Parsing relationship: /xl/worksheets/_rels/sheet1.xml.rels
[DEBUG] 02-02-2023 16:07:00.971 [main] PackageRelationshipCollection - Parsing relationship: /xl/worksheets/_rels/sheet2.xml.rels
[DEBUG] 02-02-2023 16:07:00.972 [main] PackageRelationshipCollection - Parsing relationship: /_rels/.rels
[DEBUG] 02-02-2023 16:07:00.980 [main] POIXMLFactory - using default POIXMLDocumentPart for http://schemas.openxmlformats.org/officeDocument/2006/relationships/printerSettings
[DEBUG] 02-02-2023 16:07:00.980 [main] POIXMLFactory - using default POIXMLDocumentPart for http://schemas.openxmlformats.org/officeDocument/2006/relationships/printerSettings
[DEBUG] 02-02-2023 16:07:05.172 [main] PackageRelationshipCollection - Parsing relationship: /xl/_rels/workbook.xml.rels
[DEBUG] 02-02-2023 16:07:05.173 [main] PackageRelationshipCollection - Parsing relationship: /xl/worksheets/_rels/sheet1.xml.rels
[DEBUG] 02-02-2023 16:07:05.174 [main] PackageRelationshipCollection - Parsing relationship: /xl/worksheets/_rels/sheet2.xml.rels
[DEBUG] 02-02-2023 16:07:05.174 [main] PackageRelationshipCollection - Parsing relationship: /_rels/.rels
[DEBUG] 02-02-2023 16:07:05.191 [main] POIXMLFactory - using default POIXMLDocumentPart for http://schemas.openxmlformats.org/officeDocument/2006/relationships/printerSettings
[DEBUG] 02-02-2023 16:07:05.191 [main] POIXMLFactory - using default POIXMLDocumentPart for http://schemas.openxmlformats.org/officeDocument/2006/relationships/printerSettings
[DEBUG] 02-02-2023 16:07:05.200 [main] PackageRelationshipCollection - Parsing relationship: /xl/_rels/workbook.xml.rels
[DEBUG] 02-02-2023 16:07:05.200 [main] PackageRelationshipCollection - Parsing relationship: /xl/worksheets/_rels/sheet1.xml.rels
[DEBUG] 02-02-2023 16:07:05.201 [main] PackageRelationshipCollection - Parsing relationship: /xl/worksheets/_rels/sheet2.xml.rels
[DEBUG] 02-02-2023 16:07:05.202 [main] PackageRelationshipCollection - Parsing relationship: /_rels/.rels
[DEBUG] 02-02-2023 16:07:05.209 [main] POIXMLFactory - using default POIXMLDocumentPart for http://schemas.openxmlformats.org/officeDocument/2006/relationships/printerSettings
[DEBUG] 02-02-2023 16:07:05.209 [main] POIXMLFactory - using default POIXMLDocumentPart for http://schemas.openxmlformats.org/officeDocument/2006/relationships/printerSettings
[INFO ] 02-02-2023 16:07:08.477 [main] LogUtil - ******Test the functionality of SMS Feature with Valid recipient was Tested Successfully ******
[INFO ] 02-02-2023 16:07:08.477 [main] LogUtil - ******Test the functionality of SMS Feature with Valid recipient was Tested Successfully ******
[DEBUG] 02-02-2023 16:07:08.493 [main] PackageRelationshipCollection - Parsing relationship: /xl/_rels/workbook.xml.rels
[DEBUG] 02-02-2023 16:07:08.494 [main] PackageRelationshipCollection - Parsing relationship: /xl/worksheets/_rels/sheet1.xml.rels
[DEBUG] 02-02-2023 16:07:08.494 [main] PackageRelationshipCollection - Parsing relationship: /xl/worksheets/_rels/sheet2.xml.rels
[DEBUG] 02-02-2023 16:07:08.494 [main] PackageRelationshipCollection - Parsing relationship: /_rels/.rels
[DEBUG] 02-02-2023 16:07:08.504 [main] POIXMLFactory - using default POIXMLDocumentPart for http://schemas.openxmlformats.org/officeDocument/2006/relationships/printerSettings
[DEBUG] 02-02-2023 16:07:08.504 [main] POIXMLFactory - using default POIXMLDocumentPart for http://schemas.openxmlformats.org/officeDocument/2006/relationships/printerSettings
[INFO ] 02-02-2023 16:07:13.796 [main] LogUtil - Driver Initiated
[INFO ] 02-02-2023 16:07:13.796 [main] LogUtil - Driver Initiated
[INFO ] 02-02-2023 16:07:13.796 [main] LogUtil - ******************** App Started ********************
[INFO ] 02-02-2023 16:07:13.796 [main] LogUtil - ******************** App Started ********************
[DEBUG] 02-02-2023 16:07:13.800 [main] PackageRelationshipCollection - Parsing relationship: /xl/_rels/workbook.xml.rels
[DEBUG] 02-02-2023 16:07:13.800 [main] PackageRelationshipCollection - Parsing relationship: /xl/worksheets/_rels/sheet1.xml.rels
[DEBUG] 02-02-2023 16:07:13.801 [main] PackageRelationshipCollection - Parsing relationship: /xl/worksheets/_rels/sheet2.xml.rels
[DEBUG] 02-02-2023 16:07:13.801 [main] PackageRelationshipCollection - Parsing relationship: /_rels/.rels
[DEBUG] 02-02-2023 16:07:13.810 [main] POIXMLFactory - using default POIXMLDocumentPart for http://schemas.openxmlformats.org/officeDocument/2006/relationships/printerSettings
[DEBUG] 02-02-2023 16:07:13.810 [main] POIXMLFactory - using default POIXMLDocumentPart for http://schemas.openxmlformats.org/officeDocument/2006/relationships/printerSettings
[DEBUG] 02-02-2023 16:07:13.818 [main] PackageRelationshipCollection - Parsing relationship: /xl/_rels/workbook.xml.rels
[DEBUG] 02-02-2023 16:07:13.818 [main] PackageRelationshipCollection - Parsing relationship: /xl/worksheets/_rels/sheet1.xml.rels
[DEBUG] 02-02-2023 16:07:13.818 [main] PackageRelationshipCollection - Parsing relationship: /xl/worksheets/_rels/sheet2.xml.rels
[DEBUG] 02-02-2023 16:07:13.820 [main] PackageRelationshipCollection - Parsing relationship: /_rels/.rels
[DEBUG] 02-02-2023 16:07:13.827 [main] POIXMLFactory - using default POIXMLDocumentPart for http://schemas.openxmlformats.org/officeDocument/2006/relationships/printerSettings
[DEBUG] 02-02-2023 16:07:13.827 [main] POIXMLFactory - using default POIXMLDocumentPart for http://schemas.openxmlformats.org/officeDocument/2006/relationships/printerSettings
[DEBUG] 02-02-2023 16:07:13.867 [main] PackageRelationshipCollection - Parsing relationship: /xl/_rels/workbook.xml.rels
[DEBUG] 02-02-2023 16:07:13.867 [main] PackageRelationshipCollection - Parsing relationship: /xl/worksheets/_rels/sheet1.xml.rels
[DEBUG] 02-02-2023 16:07:13.868 [main] PackageRelationshipCollection - Parsing relationship: /xl/worksheets/_rels/sheet2.xml.rels
[DEBUG] 02-02-2023 16:07:13.868 [main] PackageRelationshipCollection - Parsing relationship: /_rels/.rels
[DEBUG] 02-02-2023 16:07:13.875 [main] POIXMLFactory - using default POIXMLDocumentPart for http://schemas.openxmlformats.org/officeDocument/2006/relationships/printerSettings
[DEBUG] 02-02-2023 16:07:13.876 [main] POIXMLFactory - using default POIXMLDocumentPart for http://schemas.openxmlformats.org/officeDocument/2006/relationships/printerSettings
[DEBUG] 02-02-2023 16:07:13.928 [main] PackageRelationshipCollection - Parsing relationship: /xl/_rels/workbook.xml.rels
[DEBUG] 02-02-2023 16:07:13.930 [main] PackageRelationshipCollection - Parsing relationship: /xl/worksheets/_rels/sheet1.xml.rels
[DEBUG] 02-02-2023 16:07:13.932 [main] PackageRelationshipCollection - Parsing relationship: /xl/worksheets/_rels/sheet2.xml.rels
[DEBUG] 02-02-2023 16:07:13.932 [main] PackageRelationshipCollection - Parsing relationship: /_rels/.rels
[DEBUG] 02-02-2023 16:07:13.939 [main] POIXMLFactory - using default POIXMLDocumentPart for http://schemas.openxmlformats.org/officeDocument/2006/relationships/printerSettings
[DEBUG] 02-02-2023 16:07:13.939 [main] POIXMLFactory - using default POIXMLDocumentPart for http://schemas.openxmlformats.org/officeDocument/2006/relationships/printerSettings
[DEBUG] 02-02-2023 16:07:13.984 [main] PackageRelationshipCollection - Parsing relationship: /xl/_rels/workbook.xml.rels
[DEBUG] 02-02-2023 16:07:13.984 [main] PackageRelationshipCollection - Parsing relationship: /xl/worksheets/_rels/sheet1.xml.rels
[DEBUG] 02-02-2023 16:07:13.986 [main] PackageRelationshipCollection - Parsing relationship: /xl/worksheets/_rels/sheet2.xml.rels
[DEBUG] 02-02-2023 16:07:13.986 [main] PackageRelationshipCollection - Parsing relationship: /_rels/.rels
[DEBUG] 02-02-2023 16:07:13.990 [main] POIXMLFactory - using default POIXMLDocumentPart for http://schemas.openxmlformats.org/officeDocument/2006/relationships/printerSettings
[DEBUG] 02-02-2023 16:07:13.991 [main] POIXMLFactory - using default POIXMLDocumentPart for http://schemas.openxmlformats.org/officeDocument/2006/relationships/printerSettings
[DEBUG] 02-02-2023 16:07:17.950 [main] PackageRelationshipCollection - Parsing relationship: /xl/_rels/workbook.xml.rels
[DEBUG] 02-02-2023 16:07:17.951 [main] PackageRelationshipCollection - Parsing relationship: /xl/worksheets/_rels/sheet1.xml.rels
[DEBUG] 02-02-2023 16:07:17.951 [main] PackageRelationshipCollection - Parsing relationship: /xl/worksheets/_rels/sheet2.xml.rels
[DEBUG] 02-02-2023 16:07:17.953 [main] PackageRelationshipCollection - Parsing relationship: /_rels/.rels
[DEBUG] 02-02-2023 16:07:17.972 [main] POIXMLFactory - using default POIXMLDocumentPart for http://schemas.openxmlformats.org/officeDocument/2006/relationships/printerSettings
[DEBUG] 02-02-2023 16:07:17.973 [main] POIXMLFactory - using default POIXMLDocumentPart for http://schemas.openxmlformats.org/officeDocument/2006/relationships/printerSettings
[DEBUG] 02-02-2023 16:07:18.010 [main] PackageRelationshipCollection - Parsing relationship: /xl/_rels/workbook.xml.rels
[DEBUG] 02-02-2023 16:07:18.011 [main] PackageRelationshipCollection - Parsing relationship: /xl/worksheets/_rels/sheet1.xml.rels
[DEBUG] 02-02-2023 16:07:18.011 [main] PackageRelationshipCollection - Parsing relationship: /xl/worksheets/_rels/sheet2.xml.rels
[DEBUG] 02-02-2023 16:07:18.012 [main] PackageRelationshipCollection - Parsing relationship: /_rels/.rels
[DEBUG] 02-02-2023 16:07:18.024 [main] POIXMLFactory - using default POIXMLDocumentPart for http://schemas.openxmlformats.org/officeDocument/2006/relationships/printerSettings
[DEBUG] 02-02-2023 16:07:18.024 [main] POIXMLFactory - using default POIXMLDocumentPart for http://schemas.openxmlformats.org/officeDocument/2006/relationships/printerSettings
[INFO ] 02-02-2023 16:07:21.770 [main] LogUtil - ******Test the functionality of SMS Feature with Invalid recipient was Tested Successfully ******
[INFO ] 02-02-2023 16:07:21.770 [main] LogUtil - ******Test the functionality of SMS Feature with Invalid recipient was Tested Successfully ******
[INFO ] 02-02-2023 16:07:22.307 [main] LogUtil - Srevice Stoped
[INFO ] 02-02-2023 16:07:22.307 [main] LogUtil - Srevice Stoped
[DEBUG] 08-02-2023 12:30:28.399 [main] PackageRelationshipCollection - Parsing relationship: /xl/_rels/workbook.xml.rels
[DEBUG] 08-02-2023 12:30:28.405 [main] PackageRelationshipCollection - Parsing relationship: /xl/worksheets/_rels/sheet1.xml.rels
[DEBUG] 08-02-2023 12:30:28.409 [main] PackageRelationshipCollection - Parsing relationship: /xl/worksheets/_rels/sheet2.xml.rels
[DEBUG] 08-02-2023 12:30:28.411 [main] PackageRelationshipCollection - Parsing relationship: /_rels/.rels
[DEBUG] 08-02-2023 12:30:28.914 [main] POIXMLFactory - using default POIXMLDocumentPart for http://schemas.openxmlformats.org/officeDocument/2006/relationships/printerSettings
[DEBUG] 08-02-2023 12:30:28.914 [main] POIXMLFactory - using default POIXMLDocumentPart for http://schemas.openxmlformats.org/officeDocument/2006/relationships/printerSettings
[INFO ] 08-02-2023 12:30:32.189 [main] LogUtil - Service is started
[INFO ] 08-02-2023 12:30:32.189 [main] LogUtil - Service is started
[DEBUG] 08-02-2023 12:30:33.413 [main] PackageRelationshipCollection - Parsing relationship: /xl/_rels/workbook.xml.rels
[DEBUG] 08-02-2023 12:30:33.416 [main] PackageRelationshipCollection - Parsing relationship: /xl/worksheets/_rels/sheet1.xml.rels
[DEBUG] 08-02-2023 12:30:33.419 [main] PackageRelationshipCollection - Parsing relationship: /xl/worksheets/_rels/sheet2.xml.rels
[DEBUG] 08-02-2023 12:30:33.420 [main] PackageRelationshipCollection - Parsing relationship: /_rels/.rels
[DEBUG] 08-02-2023 12:30:33.436 [main] POIXMLFactory - using default POIXMLDocumentPart for http://schemas.openxmlformats.org/officeDocument/2006/relationships/printerSettings
[DEBUG] 08-02-2023 12:30:33.436 [main] POIXMLFactory - using default POIXMLDocumentPart for http://schemas.openxmlformats.org/officeDocument/2006/relationships/printerSettings
[INFO ] 08-02-2023 12:30:46.127 [main] LogUtil - Exception is occured in Driver Initiation
[INFO ] 08-02-2023 12:30:46.127 [main] LogUtil - Exception is occured in Driver Initiation
[INFO ] 08-02-2023 12:30:46.129 [main] LogUtil - ******************** App Started ********************
[INFO ] 08-02-2023 12:30:46.129 [main] LogUtil - ******************** App Started ********************
[DEBUG] 08-02-2023 12:30:46.167 [main] PackageRelationshipCollection - Parsing relationship: /xl/_rels/workbook.xml.rels
[DEBUG] 08-02-2023 12:30:46.170 [main] PackageRelationshipCollection - Parsing relationship: /xl/worksheets/_rels/sheet1.xml.rels
[DEBUG] 08-02-2023 12:30:46.171 [main] PackageRelationshipCollection - Parsing relationship: /xl/worksheets/_rels/sheet2.xml.rels
[DEBUG] 08-02-2023 12:30:46.173 [main] PackageRelationshipCollection - Parsing relationship: /_rels/.rels
[DEBUG] 08-02-2023 12:30:46.194 [main] POIXMLFactory - using default POIXMLDocumentPart for http://schemas.openxmlformats.org/officeDocument/2006/relationships/printerSettings
[DEBUG] 08-02-2023 12:30:46.194 [main] POIXMLFactory - using default POIXMLDocumentPart for http://schemas.openxmlformats.org/officeDocument/2006/relationships/printerSettings
[DEBUG] 08-02-2023 12:30:46.243 [main] PackageRelationshipCollection - Parsing relationship: /xl/_rels/workbook.xml.rels
[DEBUG] 08-02-2023 12:30:46.247 [main] PackageRelationshipCollection - Parsing relationship: /xl/worksheets/_rels/sheet1.xml.rels
[DEBUG] 08-02-2023 12:30:46.250 [main] PackageRelationshipCollection - Parsing relationship: /xl/worksheets/_rels/sheet2.xml.rels
[DEBUG] 08-02-2023 12:30:46.254 [main] PackageRelationshipCollection - Parsing relationship: /_rels/.rels
[DEBUG] 08-02-2023 12:30:46.279 [main] POIXMLFactory - using default POIXMLDocumentPart for http://schemas.openxmlformats.org/officeDocument/2006/relationships/printerSettings
[DEBUG] 08-02-2023 12:30:46.280 [main] POIXMLFactory - using default POIXMLDocumentPart for http://schemas.openxmlformats.org/officeDocument/2006/relationships/printerSettings
[DEBUG] 08-02-2023 12:30:46.700 [main] PackageRelationshipCollection - Parsing relationship: /xl/_rels/workbook.xml.rels
[DEBUG] 08-02-2023 12:30:46.705 [main] PackageRelationshipCollection - Parsing relationship: /xl/worksheets/_rels/sheet1.xml.rels
[DEBUG] 08-02-2023 12:30:46.712 [main] PackageRelationshipCollection - Parsing relationship: /xl/worksheets/_rels/sheet2.xml.rels
[DEBUG] 08-02-2023 12:30:46.716 [main] PackageRelationshipCollection - Parsing relationship: /_rels/.rels
[DEBUG] 08-02-2023 12:30:46.738 [main] POIXMLFactory - using default POIXMLDocumentPart for http://schemas.openxmlformats.org/officeDocument/2006/relationships/printerSettings
[DEBUG] 08-02-2023 12:30:46.739 [main] POIXMLFactory - using default POIXMLDocumentPart for http://schemas.openxmlformats.org/officeDocument/2006/relationships/printerSettings
[INFO ] 08-02-2023 12:30:47.810 [main] LogUtil - Exception is occured in Driver Initiation
[INFO ] 08-02-2023 12:30:47.810 [main] LogUtil - Exception is occured in Driver Initiation
[INFO ] 08-02-2023 12:30:47.810 [main] LogUtil - ******************** App Started ********************
[INFO ] 08-02-2023 12:30:47.810 [main] LogUtil - ******************** App Started ********************
[DEBUG] 08-02-2023 12:30:47.820 [main] PackageRelationshipCollection - Parsing relationship: /xl/_rels/workbook.xml.rels
[DEBUG] 08-02-2023 12:30:47.822 [main] PackageRelationshipCollection - Parsing relationship: /xl/worksheets/_rels/sheet1.xml.rels
[DEBUG] 08-02-2023 12:30:47.823 [main] PackageRelationshipCollection - Parsing relationship: /xl/worksheets/_rels/sheet2.xml.rels
[DEBUG] 08-02-2023 12:30:47.824 [main] PackageRelationshipCollection - Parsing relationship: /_rels/.rels
[DEBUG] 08-02-2023 12:30:47.835 [main] POIXMLFactory - using default POIXMLDocumentPart for http://schemas.openxmlformats.org/officeDocument/2006/relationships/printerSettings
[DEBUG] 08-02-2023 12:30:47.835 [main] POIXMLFactory - using default POIXMLDocumentPart for http://schemas.openxmlformats.org/officeDocument/2006/relationships/printerSettings
[DEBUG] 08-02-2023 12:30:47.870 [main] PackageRelationshipCollection - Parsing relationship: /xl/_rels/workbook.xml.rels
[DEBUG] 08-02-2023 12:30:47.871 [main] PackageRelationshipCollection - Parsing relationship: /xl/worksheets/_rels/sheet1.xml.rels
[DEBUG] 08-02-2023 12:30:47.872 [main] PackageRelationshipCollection - Parsing relationship: /xl/worksheets/_rels/sheet2.xml.rels
[DEBUG] 08-02-2023 12:30:47.873 [main] PackageRelationshipCollection - Parsing relationship: /_rels/.rels
[DEBUG] 08-02-2023 12:30:47.892 [main] POIXMLFactory - using default POIXMLDocumentPart for http://schemas.openxmlformats.org/officeDocument/2006/relationships/printerSettings
[DEBUG] 08-02-2023 12:30:47.893 [main] POIXMLFactory - using default POIXMLDocumentPart for http://schemas.openxmlformats.org/officeDocument/2006/relationships/printerSettings
[INFO ] 08-02-2023 12:30:49.137 [main] LogUtil - Srevice Stoped
[INFO ] 08-02-2023 12:30:49.137 [main] LogUtil - Srevice Stoped
[DEBUG] 08-02-2023 12:32:09.751 [main] PackageRelationshipCollection - Parsing relationship: /xl/_rels/workbook.xml.rels
[DEBUG] 08-02-2023 12:32:09.760 [main] PackageRelationshipCollection - Parsing relationship: /xl/worksheets/_rels/sheet1.xml.rels
[DEBUG] 08-02-2023 12:32:09.762 [main] PackageRelationshipCollection - Parsing relationship: /xl/worksheets/_rels/sheet2.xml.rels
[DEBUG] 08-02-2023 12:32:09.764 [main] PackageRelationshipCollection - Parsing relationship: /_rels/.rels
[DEBUG] 08-02-2023 12:32:10.951 [main] POIXMLFactory - using default POIXMLDocumentPart for http://schemas.openxmlformats.org/officeDocument/2006/relationships/printerSettings
[DEBUG] 08-02-2023 12:32:10.952 [main] POIXMLFactory - using default POIXMLDocumentPart for http://schemas.openxmlformats.org/officeDocument/2006/relationships/printerSettings
[INFO ] 08-02-2023 12:32:14.369 [main] LogUtil - Service is started
[INFO ] 08-02-2023 12:32:14.369 [main] LogUtil - Service is started
[DEBUG] 08-02-2023 12:32:16.955 [main] PackageRelationshipCollection - Parsing relationship: /xl/_rels/workbook.xml.rels
[DEBUG] 08-02-2023 12:32:16.958 [main] PackageRelationshipCollection - Parsing relationship: /xl/worksheets/_rels/sheet1.xml.rels
[DEBUG] 08-02-2023 12:32:16.959 [main] PackageRelationshipCollection - Parsing relationship: /xl/worksheets/_rels/sheet2.xml.rels
[DEBUG] 08-02-2023 12:32:16.961 [main] PackageRelationshipCollection - Parsing relationship: /_rels/.rels
[DEBUG] 08-02-2023 12:32:16.989 [main] POIXMLFactory - using default POIXMLDocumentPart for http://schemas.openxmlformats.org/officeDocument/2006/relationships/printerSettings
[DEBUG] 08-02-2023 12:32:16.990 [main] POIXMLFactory - using default POIXMLDocumentPart for http://schemas.openxmlformats.org/officeDocument/2006/relationships/printerSettings
[INFO ] 08-02-2023 12:32:40.692 [main] LogUtil - Driver Initiated
[INFO ] 08-02-2023 12:32:40.692 [main] LogUtil - Driver Initiated
[INFO ] 08-02-2023 12:32:40.692 [main] LogUtil - ******************** App Started ********************
[INFO ] 08-02-2023 12:32:40.692 [main] LogUtil - ******************** App Started ********************
[DEBUG] 08-02-2023 12:32:40.728 [main] PackageRelationshipCollection - Parsing relationship: /xl/_rels/workbook.xml.rels
[DEBUG] 08-02-2023 12:32:40.732 [main] PackageRelationshipCollection - Parsing relationship: /xl/worksheets/_rels/sheet1.xml.rels
[DEBUG] 08-02-2023 12:32:40.736 [main] PackageRelationshipCollection - Parsing relationship: /xl/worksheets/_rels/sheet2.xml.rels
[DEBUG] 08-02-2023 12:32:40.737 [main] PackageRelationshipCollection - Parsing relationship: /_rels/.rels
[DEBUG] 08-02-2023 12:32:40.775 [main] POIXMLFactory - using default POIXMLDocumentPart for http://schemas.openxmlformats.org/officeDocument/2006/relationships/printerSettings
[DEBUG] 08-02-2023 12:32:40.777 [main] POIXMLFactory - using default POIXMLDocumentPart for http://schemas.openxmlformats.org/officeDocument/2006/relationships/printerSettings
[DEBUG] 08-02-2023 12:32:40.923 [main] PackageRelationshipCollection - Parsing relationship: /xl/_rels/workbook.xml.rels
[DEBUG] 08-02-2023 12:32:40.925 [main] PackageRelationshipCollection - Parsing relationship: /xl/worksheets/_rels/sheet1.xml.rels
[DEBUG] 08-02-2023 12:32:40.926 [main] PackageRelationshipCollection - Parsing relationship: /xl/worksheets/_rels/sheet2.xml.rels
[DEBUG] 08-02-2023 12:32:40.940 [main] PackageRelationshipCollection - Parsing relationship: /_rels/.rels
[DEBUG] 08-02-2023 12:32:40.962 [main] POIXMLFactory - using default POIXMLDocumentPart for http://schemas.openxmlformats.org/officeDocument/2006/relationships/printerSettings
[DEBUG] 08-02-2023 12:32:40.962 [main] POIXMLFactory - using default POIXMLDocumentPart for http://schemas.openxmlformats.org/officeDocument/2006/relationships/printerSettings
[DEBUG] 08-02-2023 12:32:41.618 [main] PackageRelationshipCollection - Parsing relationship: /xl/_rels/workbook.xml.rels
[DEBUG] 08-02-2023 12:32:41.620 [main] PackageRelationshipCollection - Parsing relationship: /xl/worksheets/_rels/sheet1.xml.rels
[DEBUG] 08-02-2023 12:32:41.622 [main] PackageRelationshipCollection - Parsing relationship: /xl/worksheets/_rels/sheet2.xml.rels
[DEBUG] 08-02-2023 12:32:41.624 [main] PackageRelationshipCollection - Parsing relationship: /_rels/.rels
[DEBUG] 08-02-2023 12:32:41.655 [main] POIXMLFactory - using default POIXMLDocumentPart for http://schemas.openxmlformats.org/officeDocument/2006/relationships/printerSettings
[DEBUG] 08-02-2023 12:32:41.656 [main] POIXMLFactory - using default POIXMLDocumentPart for http://schemas.openxmlformats.org/officeDocument/2006/relationships/printerSettings
[DEBUG] 08-02-2023 12:32:41.790 [main] PackageRelationshipCollection - Parsing relationship: /xl/_rels/workbook.xml.rels
[DEBUG] 08-02-2023 12:32:41.793 [main] PackageRelationshipCollection - Parsing relationship: /xl/worksheets/_rels/sheet1.xml.rels
[DEBUG] 08-02-2023 12:32:41.794 [main] PackageRelationshipCollection - Parsing relationship: /xl/worksheets/_rels/sheet2.xml.rels
[DEBUG] 08-02-2023 12:32:41.797 [main] PackageRelationshipCollection - Parsing relationship: /_rels/.rels
[DEBUG] 08-02-2023 12:32:41.823 [main] POIXMLFactory - using default POIXMLDocumentPart for http://schemas.openxmlformats.org/officeDocument/2006/relationships/printerSettings
[DEBUG] 08-02-2023 12:32:41.823 [main] POIXMLFactory - using default POIXMLDocumentPart for http://schemas.openxmlformats.org/officeDocument/2006/relationships/printerSettings
[DEBUG] 08-02-2023 12:32:41.959 [main] PackageRelationshipCollection - Parsing relationship: /xl/_rels/workbook.xml.rels
[DEBUG] 08-02-2023 12:32:41.960 [main] PackageRelationshipCollection - Parsing relationship: /xl/worksheets/_rels/sheet1.xml.rels
[DEBUG] 08-02-2023 12:32:41.962 [main] PackageRelationshipCollection - Parsing relationship: /xl/worksheets/_rels/sheet2.xml.rels
[DEBUG] 08-02-2023 12:32:41.963 [main] PackageRelationshipCollection - Parsing relationship: /_rels/.rels
[DEBUG] 08-02-2023 12:32:41.977 [main] POIXMLFactory - using default POIXMLDocumentPart for http://schemas.openxmlformats.org/officeDocument/2006/relationships/printerSettings
[DEBUG] 08-02-2023 12:32:41.978 [main] POIXMLFactory - using default POIXMLDocumentPart for http://schemas.openxmlformats.org/officeDocument/2006/relationships/printerSettings
[INFO ] 08-02-2023 12:32:44.847 [main] LogUtil - User Tap On OS
[INFO ] 08-02-2023 12:32:44.847 [main] LogUtil - User Tap On OS
[INFO ] 08-02-2023 12:32:46.737 [main] LogUtil - User Tap on SMS Messaging
[INFO ] 08-02-2023 12:32:46.737 [main] LogUtil - User Tap on SMS Messaging
[DEBUG] 08-02-2023 12:32:46.745 [main] PackageRelationshipCollection - Parsing relationship: /xl/_rels/workbook.xml.rels
[DEBUG] 08-02-2023 12:32:46.748 [main] PackageRelationshipCollection - Parsing relationship: /xl/worksheets/_rels/sheet1.xml.rels
[DEBUG] 08-02-2023 12:32:46.749 [main] PackageRelationshipCollection - Parsing relationship: /xl/worksheets/_rels/sheet2.xml.rels
[DEBUG] 08-02-2023 12:32:46.751 [main] PackageRelationshipCollection - Parsing relationship: /_rels/.rels
[DEBUG] 08-02-2023 12:32:46.766 [main] POIXMLFactory - using default POIXMLDocumentPart for http://schemas.openxmlformats.org/officeDocument/2006/relationships/printerSettings
[DEBUG] 08-02-2023 12:32:46.766 [main] POIXMLFactory - using default POIXMLDocumentPart for http://schemas.openxmlformats.org/officeDocument/2006/relationships/printerSettings
[DEBUG] 08-02-2023 12:32:46.825 [main] PackageRelationshipCollection - Parsing relationship: /xl/_rels/workbook.xml.rels
[DEBUG] 08-02-2023 12:32:46.830 [main] PackageRelationshipCollection - Parsing relationship: /xl/worksheets/_rels/sheet1.xml.rels
[DEBUG] 08-02-2023 12:32:46.833 [main] PackageRelationshipCollection - Parsing relationship: /xl/worksheets/_rels/sheet2.xml.rels
[DEBUG] 08-02-2023 12:32:46.833 [main] PackageRelationshipCollection - Parsing relationship: /_rels/.rels
[DEBUG] 08-02-2023 12:32:46.854 [main] POIXMLFactory - using default POIXMLDocumentPart for http://schemas.openxmlformats.org/officeDocument/2006/relationships/printerSettings
[DEBUG] 08-02-2023 12:32:46.854 [main] POIXMLFactory - using default POIXMLDocumentPart for http://schemas.openxmlformats.org/officeDocument/2006/relationships/printerSettings
[INFO ] 08-02-2023 12:32:51.402 [main] LogUtil - ******Test the functionality of SMS Feature with Valid recipient was Tested Successfully ******
[INFO ] 08-02-2023 12:32:51.402 [main] LogUtil - ******Test the functionality of SMS Feature with Valid recipient was Tested Successfully ******
[DEBUG] 08-02-2023 12:32:51.457 [main] PackageRelationshipCollection - Parsing relationship: /xl/_rels/workbook.xml.rels
[DEBUG] 08-02-2023 12:32:51.458 [main] PackageRelationshipCollection - Parsing relationship: /xl/worksheets/_rels/sheet1.xml.rels
[DEBUG] 08-02-2023 12:32:51.465 [main] PackageRelationshipCollection - Parsing relationship: /xl/worksheets/_rels/sheet2.xml.rels
[DEBUG] 08-02-2023 12:32:51.470 [main] PackageRelationshipCollection - Parsing relationship: /_rels/.rels
[DEBUG] 08-02-2023 12:32:51.489 [main] POIXMLFactory - using default POIXMLDocumentPart for http://schemas.openxmlformats.org/officeDocument/2006/relationships/printerSettings
[DEBUG] 08-02-2023 12:32:51.493 [main] POIXMLFactory - using default POIXMLDocumentPart for http://schemas.openxmlformats.org/officeDocument/2006/relationships/printerSettings
[INFO ] 08-02-2023 12:33:02.085 [main] LogUtil - Driver Initiated
[INFO ] 08-02-2023 12:33:02.085 [main] LogUtil - Driver Initiated
[INFO ] 08-02-2023 12:33:02.086 [main] LogUtil - ******************** App Started ********************
[INFO ] 08-02-2023 12:33:02.086 [main] LogUtil - ******************** App Started ********************
[DEBUG] 08-02-2023 12:33:02.100 [main] PackageRelationshipCollection - Parsing relationship: /xl/_rels/workbook.xml.rels
[DEBUG] 08-02-2023 12:33:02.103 [main] PackageRelationshipCollection - Parsing relationship: /xl/worksheets/_rels/sheet1.xml.rels
[DEBUG] 08-02-2023 12:33:02.105 [main] PackageRelationshipCollection - Parsing relationship: /xl/worksheets/_rels/sheet2.xml.rels
[DEBUG] 08-02-2023 12:33:02.107 [main] PackageRelationshipCollection - Parsing relationship: /_rels/.rels
[DEBUG] 08-02-2023 12:33:02.153 [main] POIXMLFactory - using default POIXMLDocumentPart for http://schemas.openxmlformats.org/officeDocument/2006/relationships/printerSettings
[DEBUG] 08-02-2023 12:33:02.153 [main] POIXMLFactory - using default POIXMLDocumentPart for http://schemas.openxmlformats.org/officeDocument/2006/relationships/printerSettings
[DEBUG] 08-02-2023 12:33:02.233 [main] PackageRelationshipCollection - Parsing relationship: /xl/_rels/workbook.xml.rels
[DEBUG] 08-02-2023 12:33:02.234 [main] PackageRelationshipCollection - Parsing relationship: /xl/worksheets/_rels/sheet1.xml.rels
[DEBUG] 08-02-2023 12:33:02.236 [main] PackageRelationshipCollection - Parsing relationship: /xl/worksheets/_rels/sheet2.xml.rels
[DEBUG] 08-02-2023 12:33:02.237 [main] PackageRelationshipCollection - Parsing relationship: /_rels/.rels
[DEBUG] 08-02-2023 12:33:02.289 [main] POIXMLFactory - using default POIXMLDocumentPart for http://schemas.openxmlformats.org/officeDocument/2006/relationships/printerSettings
[DEBUG] 08-02-2023 12:33:02.296 [main] POIXMLFactory - using default POIXMLDocumentPart for http://schemas.openxmlformats.org/officeDocument/2006/relationships/printerSettings
[DEBUG] 08-02-2023 12:33:02.540 [main] PackageRelationshipCollection - Parsing relationship: /xl/_rels/workbook.xml.rels
[DEBUG] 08-02-2023 12:33:02.543 [main] PackageRelationshipCollection - Parsing relationship: /xl/worksheets/_rels/sheet1.xml.rels
[DEBUG] 08-02-2023 12:33:02.544 [main] PackageRelationshipCollection - Parsing relationship: /xl/worksheets/_rels/sheet2.xml.rels
[DEBUG] 08-02-2023 12:33:02.546 [main] PackageRelationshipCollection - Parsing relationship: /_rels/.rels
[DEBUG] 08-02-2023 12:33:02.562 [main] POIXMLFactory - using default POIXMLDocumentPart for http://schemas.openxmlformats.org/officeDocument/2006/relationships/printerSettings
[DEBUG] 08-02-2023 12:33:02.563 [main] POIXMLFactory - using default POIXMLDocumentPart for http://schemas.openxmlformats.org/officeDocument/2006/relationships/printerSettings
[DEBUG] 08-02-2023 12:33:02.718 [main] PackageRelationshipCollection - Parsing relationship: /xl/_rels/workbook.xml.rels
[DEBUG] 08-02-2023 12:33:02.719 [main] PackageRelationshipCollection - Parsing relationship: /xl/worksheets/_rels/sheet1.xml.rels
[DEBUG] 08-02-2023 12:33:02.720 [main] PackageRelationshipCollection - Parsing relationship: /xl/worksheets/_rels/sheet2.xml.rels
[DEBUG] 08-02-2023 12:33:02.721 [main] PackageRelationshipCollection - Parsing relationship: /_rels/.rels
[DEBUG] 08-02-2023 12:33:02.737 [main] POIXMLFactory - using default POIXMLDocumentPart for http://schemas.openxmlformats.org/officeDocument/2006/relationships/printerSettings
[DEBUG] 08-02-2023 12:33:02.738 [main] POIXMLFactory - using default POIXMLDocumentPart for http://schemas.openxmlformats.org/officeDocument/2006/relationships/printerSettings
[DEBUG] 08-02-2023 12:33:02.859 [main] PackageRelationshipCollection - Parsing relationship: /xl/_rels/workbook.xml.rels
[DEBUG] 08-02-2023 12:33:02.861 [main] PackageRelationshipCollection - Parsing relationship: /xl/worksheets/_rels/sheet1.xml.rels
[DEBUG] 08-02-2023 12:33:02.862 [main] PackageRelationshipCollection - Parsing relationship: /xl/worksheets/_rels/sheet2.xml.rels
[DEBUG] 08-02-2023 12:33:02.863 [main] PackageRelationshipCollection - Parsing relationship: /_rels/.rels
[DEBUG] 08-02-2023 12:33:02.889 [main] POIXMLFactory - using default POIXMLDocumentPart for http://schemas.openxmlformats.org/officeDocument/2006/relationships/printerSettings
[DEBUG] 08-02-2023 12:33:02.889 [main] POIXMLFactory - using default POIXMLDocumentPart for http://schemas.openxmlformats.org/officeDocument/2006/relationships/printerSettings
[INFO ] 08-02-2023 12:33:05.813 [main] LogUtil - User Tap On OS
[INFO ] 08-02-2023 12:33:05.813 [main] LogUtil - User Tap On OS
[INFO ] 08-02-2023 12:33:07.353 [main] LogUtil - User Tap on SMS Messaging
[INFO ] 08-02-2023 12:33:07.353 [main] LogUtil - User Tap on SMS Messaging
[DEBUG] 08-02-2023 12:33:07.367 [main] PackageRelationshipCollection - Parsing relationship: /xl/_rels/workbook.xml.rels
[DEBUG] 08-02-2023 12:33:07.369 [main] PackageRelationshipCollection - Parsing relationship: /xl/worksheets/_rels/sheet1.xml.rels
[DEBUG] 08-02-2023 12:33:07.370 [main] PackageRelationshipCollection - Parsing relationship: /xl/worksheets/_rels/sheet2.xml.rels
[DEBUG] 08-02-2023 12:33:07.372 [main] PackageRelationshipCollection - Parsing relationship: /_rels/.rels
[DEBUG] 08-02-2023 12:33:07.388 [main] POIXMLFactory - using default POIXMLDocumentPart for http://schemas.openxmlformats.org/officeDocument/2006/relationships/printerSettings
[DEBUG] 08-02-2023 12:33:07.389 [main] POIXMLFactory - using default POIXMLDocumentPart for http://schemas.openxmlformats.org/officeDocument/2006/relationships/printerSettings
[DEBUG] 08-02-2023 12:33:07.405 [main] PackageRelationshipCollection - Parsing relationship: /xl/_rels/workbook.xml.rels
[DEBUG] 08-02-2023 12:33:07.406 [main] PackageRelationshipCollection - Parsing relationship: /xl/worksheets/_rels/sheet1.xml.rels
[DEBUG] 08-02-2023 12:33:07.407 [main] PackageRelationshipCollection - Parsing relationship: /xl/worksheets/_rels/sheet2.xml.rels
[DEBUG] 08-02-2023 12:33:07.407 [main] PackageRelationshipCollection - Parsing relationship: /_rels/.rels
[DEBUG] 08-02-2023 12:33:07.416 [main] POIXMLFactory - using default POIXMLDocumentPart for http://schemas.openxmlformats.org/officeDocument/2006/relationships/printerSettings
[DEBUG] 08-02-2023 12:33:07.417 [main] POIXMLFactory - using default POIXMLDocumentPart for http://schemas.openxmlformats.org/officeDocument/2006/relationships/printerSettings
[INFO ] 08-02-2023 12:33:11.205 [main] LogUtil - ******Test the functionality of SMS Feature with Invalid recipient was Tested Successfully ******
[INFO ] 08-02-2023 12:33:11.205 [main] LogUtil - ******Test the functionality of SMS Feature with Invalid recipient was Tested Successfully ******
[INFO ] 08-02-2023 12:33:12.634 [main] LogUtil - Srevice Stoped
[INFO ] 08-02-2023 12:33:12.634 [main] LogUtil - Srevice Stoped
[DEBUG] 08-02-2023 12:35:06.242 [main] PackageRelationshipCollection - Parsing relationship: /xl/_rels/workbook.xml.rels
[DEBUG] 08-02-2023 12:35:06.248 [main] PackageRelationshipCollection - Parsing relationship: /xl/worksheets/_rels/sheet1.xml.rels
[DEBUG] 08-02-2023 12:35:06.250 [main] PackageRelationshipCollection - Parsing relationship: /xl/worksheets/_rels/sheet2.xml.rels
[DEBUG] 08-02-2023 12:35:06.250 [main] PackageRelationshipCollection - Parsing relationship: /_rels/.rels
[DEBUG] 08-02-2023 12:35:06.701 [main] POIXMLFactory - using default POIXMLDocumentPart for http://schemas.openxmlformats.org/officeDocument/2006/relationships/printerSettings
[DEBUG] 08-02-2023 12:35:06.701 [main] POIXMLFactory - using default POIXMLDocumentPart for http://schemas.openxmlformats.org/officeDocument/2006/relationships/printerSettings
[INFO ] 08-02-2023 12:35:09.573 [main] LogUtil - Service is started
[INFO ] 08-02-2023 12:35:09.573 [main] LogUtil - Service is started
[DEBUG] 08-02-2023 12:35:10.661 [main] PackageRelationshipCollection - Parsing relationship: /xl/_rels/workbook.xml.rels
[DEBUG] 08-02-2023 12:35:10.662 [main] PackageRelationshipCollection - Parsing relationship: /xl/worksheets/_rels/sheet1.xml.rels
[DEBUG] 08-02-2023 12:35:10.663 [main] PackageRelationshipCollection - Parsing relationship: /xl/worksheets/_rels/sheet2.xml.rels
[DEBUG] 08-02-2023 12:35:10.664 [main] PackageRelationshipCollection - Parsing relationship: /_rels/.rels
[DEBUG] 08-02-2023 12:35:10.681 [main] POIXMLFactory - using default POIXMLDocumentPart for http://schemas.openxmlformats.org/officeDocument/2006/relationships/printerSettings
[DEBUG] 08-02-2023 12:35:10.682 [main] POIXMLFactory - using default POIXMLDocumentPart for http://schemas.openxmlformats.org/officeDocument/2006/relationships/printerSettings
[INFO ] 08-02-2023 12:35:22.991 [main] LogUtil - Driver Initiated
[INFO ] 08-02-2023 12:35:22.991 [main] LogUtil - Driver Initiated
[INFO ] 08-02-2023 12:35:22.992 [main] LogUtil - ******************** App Started ********************
[INFO ] 08-02-2023 12:35:22.992 [main] LogUtil - ******************** App Started ********************
[DEBUG] 08-02-2023 12:35:23.042 [main] PackageRelationshipCollection - Parsing relationship: /xl/_rels/workbook.xml.rels
[DEBUG] 08-02-2023 12:35:23.045 [main] PackageRelationshipCollection - Parsing relationship: /xl/worksheets/_rels/sheet1.xml.rels
[DEBUG] 08-02-2023 12:35:23.048 [main] PackageRelationshipCollection - Parsing relationship: /xl/worksheets/_rels/sheet2.xml.rels
[DEBUG] 08-02-2023 12:35:23.051 [main] PackageRelationshipCollection - Parsing relationship: /_rels/.rels
[DEBUG] 08-02-2023 12:35:23.094 [main] POIXMLFactory - using default POIXMLDocumentPart for http://schemas.openxmlformats.org/officeDocument/2006/relationships/printerSettings
[DEBUG] 08-02-2023 12:35:23.098 [main] POIXMLFactory - using default POIXMLDocumentPart for http://schemas.openxmlformats.org/officeDocument/2006/relationships/printerSettings
[DEBUG] 08-02-2023 12:35:23.173 [main] PackageRelationshipCollection - Parsing relationship: /xl/_rels/workbook.xml.rels
[DEBUG] 08-02-2023 12:35:23.175 [main] PackageRelationshipCollection - Parsing relationship: /xl/worksheets/_rels/sheet1.xml.rels
[DEBUG] 08-02-2023 12:35:23.177 [main] PackageRelationshipCollection - Parsing relationship: /xl/worksheets/_rels/sheet2.xml.rels
[DEBUG] 08-02-2023 12:35:23.179 [main] PackageRelationshipCollection - Parsing relationship: /_rels/.rels
[DEBUG] 08-02-2023 12:35:23.286 [main] POIXMLFactory - using default POIXMLDocumentPart for http://schemas.openxmlformats.org/officeDocument/2006/relationships/printerSettings
[DEBUG] 08-02-2023 12:35:23.286 [main] POIXMLFactory - using default POIXMLDocumentPart for http://schemas.openxmlformats.org/officeDocument/2006/relationships/printerSettings
[DEBUG] 08-02-2023 12:35:23.753 [main] PackageRelationshipCollection - Parsing relationship: /xl/_rels/workbook.xml.rels
[DEBUG] 08-02-2023 12:35:23.756 [main] PackageRelationshipCollection - Parsing relationship: /xl/worksheets/_rels/sheet1.xml.rels
[DEBUG] 08-02-2023 12:35:23.758 [main] PackageRelationshipCollection - Parsing relationship: /xl/worksheets/_rels/sheet2.xml.rels
[DEBUG] 08-02-2023 12:35:23.758 [main] PackageRelationshipCollection - Parsing relationship: /_rels/.rels
[DEBUG] 08-02-2023 12:35:23.794 [main] POIXMLFactory - using default POIXMLDocumentPart for http://schemas.openxmlformats.org/officeDocument/2006/relationships/printerSettings
[DEBUG] 08-02-2023 12:35:23.795 [main] POIXMLFactory - using default POIXMLDocumentPart for http://schemas.openxmlformats.org/officeDocument/2006/relationships/printerSettings
[DEBUG] 08-02-2023 12:35:23.931 [main] PackageRelationshipCollection - Parsing relationship: /xl/_rels/workbook.xml.rels
[DEBUG] 08-02-2023 12:35:23.944 [main] PackageRelationshipCollection - Parsing relationship: /xl/worksheets/_rels/sheet1.xml.rels
[DEBUG] 08-02-2023 12:35:23.949 [main] PackageRelationshipCollection - Parsing relationship: /xl/worksheets/_rels/sheet2.xml.rels
[DEBUG] 08-02-2023 12:35:23.952 [main] PackageRelationshipCollection - Parsing relationship: /_rels/.rels
[DEBUG] 08-02-2023 12:35:24.002 [main] POIXMLFactory - using default POIXMLDocumentPart for http://schemas.openxmlformats.org/officeDocument/2006/relationships/printerSettings
[DEBUG] 08-02-2023 12:35:24.014 [main] POIXMLFactory - using default POIXMLDocumentPart for http://schemas.openxmlformats.org/officeDocument/2006/relationships/printerSettings
[DEBUG] 08-02-2023 12:35:24.171 [main] PackageRelationshipCollection - Parsing relationship: /xl/_rels/workbook.xml.rels
[DEBUG] 08-02-2023 12:35:24.177 [main] PackageRelationshipCollection - Parsing relationship: /xl/worksheets/_rels/sheet1.xml.rels
[DEBUG] 08-02-2023 12:35:24.182 [main] PackageRelationshipCollection - Parsing relationship: /xl/worksheets/_rels/sheet2.xml.rels
[DEBUG] 08-02-2023 12:35:24.188 [main] PackageRelationshipCollection - Parsing relationship: /_rels/.rels
[DEBUG] 08-02-2023 12:35:24.242 [main] POIXMLFactory - using default POIXMLDocumentPart for http://schemas.openxmlformats.org/officeDocument/2006/relationships/printerSettings
[DEBUG] 08-02-2023 12:35:24.255 [main] POIXMLFactory - using default POIXMLDocumentPart for http://schemas.openxmlformats.org/officeDocument/2006/relationships/printerSettings
[INFO ] 08-02-2023 12:35:26.893 [main] LogUtil - User Tap On OS
[INFO ] 08-02-2023 12:35:26.893 [main] LogUtil - User Tap On OS
[INFO ] 08-02-2023 12:35:28.626 [main] LogUtil - User Tap on SMS Messaging
[INFO ] 08-02-2023 12:35:28.626 [main] LogUtil - User Tap on SMS Messaging
[DEBUG] 08-02-2023 12:35:28.639 [main] PackageRelationshipCollection - Parsing relationship: /xl/_rels/workbook.xml.rels
[DEBUG] 08-02-2023 12:35:28.641 [main] PackageRelationshipCollection - Parsing relationship: /xl/worksheets/_rels/sheet1.xml.rels
[DEBUG] 08-02-2023 12:35:28.642 [main] PackageRelationshipCollection - Parsing relationship: /xl/worksheets/_rels/sheet2.xml.rels
[DEBUG] 08-02-2023 12:35:28.643 [main] PackageRelationshipCollection - Parsing relationship: /_rels/.rels
[DEBUG] 08-02-2023 12:35:28.666 [main] POIXMLFactory - using default POIXMLDocumentPart for http://schemas.openxmlformats.org/officeDocument/2006/relationships/printerSettings
[DEBUG] 08-02-2023 12:35:28.667 [main] POIXMLFactory - using default POIXMLDocumentPart for http://schemas.openxmlformats.org/officeDocument/2006/relationships/printerSettings
[DEBUG] 08-02-2023 12:35:28.704 [main] PackageRelationshipCollection - Parsing relationship: /xl/_rels/workbook.xml.rels
[DEBUG] 08-02-2023 12:35:28.705 [main] PackageRelationshipCollection - Parsing relationship: /xl/worksheets/_rels/sheet1.xml.rels
[DEBUG] 08-02-2023 12:35:28.707 [main] PackageRelationshipCollection - Parsing relationship: /xl/worksheets/_rels/sheet2.xml.rels
[DEBUG] 08-02-2023 12:35:28.709 [main] PackageRelationshipCollection - Parsing relationship: /_rels/.rels
[DEBUG] 08-02-2023 12:35:28.732 [main] POIXMLFactory - using default POIXMLDocumentPart for http://schemas.openxmlformats.org/officeDocument/2006/relationships/printerSettings
[DEBUG] 08-02-2023 12:35:28.733 [main] POIXMLFactory - using default POIXMLDocumentPart for http://schemas.openxmlformats.org/officeDocument/2006/relationships/printerSettings
[INFO ] 08-02-2023 12:35:33.584 [main] LogUtil - ******Test the functionality of SMS Feature with Valid recipient was Tested Successfully ******
[INFO ] 08-02-2023 12:35:33.584 [main] LogUtil - ******Test the functionality of SMS Feature with Valid recipient was Tested Successfully ******
[DEBUG] 08-02-2023 12:35:34.067 [main] PackageRelationshipCollection - Parsing relationship: /xl/_rels/workbook.xml.rels
[DEBUG] 08-02-2023 12:35:34.122 [main] PackageRelationshipCollection - Parsing relationship: /xl/worksheets/_rels/sheet1.xml.rels
[DEBUG] 08-02-2023 12:35:34.142 [main] PackageRelationshipCollection - Parsing relationship: /xl/worksheets/_rels/sheet2.xml.rels
[DEBUG] 08-02-2023 12:35:34.150 [main] PackageRelationshipCollection - Parsing relationship: /_rels/.rels
[DEBUG] 08-02-2023 12:35:34.182 [main] POIXMLFactory - using default POIXMLDocumentPart for http://schemas.openxmlformats.org/officeDocument/2006/relationships/printerSettings
[DEBUG] 08-02-2023 12:35:34.189 [main] POIXMLFactory - using default POIXMLDocumentPart for http://schemas.openxmlformats.org/officeDocument/2006/relationships/printerSettings
[INFO ] 08-02-2023 12:35:43.719 [main] LogUtil - Driver Initiated
[INFO ] 08-02-2023 12:35:43.719 [main] LogUtil - Driver Initiated
[INFO ] 08-02-2023 12:35:43.727 [main] LogUtil - ******************** App Started ********************
[INFO ] 08-02-2023 12:35:43.727 [main] LogUtil - ******************** App Started ********************
[DEBUG] 08-02-2023 12:35:43.737 [main] PackageRelationshipCollection - Parsing relationship: /xl/_rels/workbook.xml.rels
[DEBUG] 08-02-2023 12:35:43.739 [main] PackageRelationshipCollection - Parsing relationship: /xl/worksheets/_rels/sheet1.xml.rels
[DEBUG] 08-02-2023 12:35:43.742 [main] PackageRelationshipCollection - Parsing relationship: /xl/worksheets/_rels/sheet2.xml.rels
[DEBUG] 08-02-2023 12:35:43.744 [main] PackageRelationshipCollection - Parsing relationship: /_rels/.rels
[DEBUG] 08-02-2023 12:35:43.762 [main] POIXMLFactory - using default POIXMLDocumentPart for http://schemas.openxmlformats.org/officeDocument/2006/relationships/printerSettings
[DEBUG] 08-02-2023 12:35:43.762 [main] POIXMLFactory - using default POIXMLDocumentPart for http://schemas.openxmlformats.org/officeDocument/2006/relationships/printerSettings
[DEBUG] 08-02-2023 12:35:43.797 [main] PackageRelationshipCollection - Parsing relationship: /xl/_rels/workbook.xml.rels
[DEBUG] 08-02-2023 12:35:43.800 [main] PackageRelationshipCollection - Parsing relationship: /xl/worksheets/_rels/sheet1.xml.rels
[DEBUG] 08-02-2023 12:35:43.804 [main] PackageRelationshipCollection - Parsing relationship: /xl/worksheets/_rels/sheet2.xml.rels
[DEBUG] 08-02-2023 12:35:43.808 [main] PackageRelationshipCollection - Parsing relationship: /_rels/.rels
[DEBUG] 08-02-2023 12:35:43.840 [main] POIXMLFactory - using default POIXMLDocumentPart for http://schemas.openxmlformats.org/officeDocument/2006/relationships/printerSettings
[DEBUG] 08-02-2023 12:35:43.840 [main] POIXMLFactory - using default POIXMLDocumentPart for http://schemas.openxmlformats.org/officeDocument/2006/relationships/printerSettings
[DEBUG] 08-02-2023 12:35:43.929 [main] PackageRelationshipCollection - Parsing relationship: /xl/_rels/workbook.xml.rels
[DEBUG] 08-02-2023 12:35:43.930 [main] PackageRelationshipCollection - Parsing relationship: /xl/worksheets/_rels/sheet1.xml.rels
[DEBUG] 08-02-2023 12:35:43.932 [main] PackageRelationshipCollection - Parsing relationship: /xl/worksheets/_rels/sheet2.xml.rels
[DEBUG] 08-02-2023 12:35:43.933 [main] PackageRelationshipCollection - Parsing relationship: /_rels/.rels
[DEBUG] 08-02-2023 12:35:43.952 [main] POIXMLFactory - using default POIXMLDocumentPart for http://schemas.openxmlformats.org/officeDocument/2006/relationships/printerSettings
[DEBUG] 08-02-2023 12:35:43.955 [main] POIXMLFactory - using default POIXMLDocumentPart for http://schemas.openxmlformats.org/officeDocument/2006/relationships/printerSettings
[DEBUG] 08-02-2023 12:35:44.041 [main] PackageRelationshipCollection - Parsing relationship: /xl/_rels/workbook.xml.rels
[DEBUG] 08-02-2023 12:35:44.072 [main] PackageRelationshipCollection - Parsing relationship: /xl/worksheets/_rels/sheet1.xml.rels
[DEBUG] 08-02-2023 12:35:44.256 [main] PackageRelationshipCollection - Parsing relationship: /xl/worksheets/_rels/sheet2.xml.rels
[DEBUG] 08-02-2023 12:35:44.279 [main] PackageRelationshipCollection - Parsing relationship: /_rels/.rels
[DEBUG] 08-02-2023 12:35:44.394 [main] POIXMLFactory - using default POIXMLDocumentPart for http://schemas.openxmlformats.org/officeDocument/2006/relationships/printerSettings
[DEBUG] 08-02-2023 12:35:44.410 [main] POIXMLFactory - using default POIXMLDocumentPart for http://schemas.openxmlformats.org/officeDocument/2006/relationships/printerSettings
[DEBUG] 08-02-2023 12:35:44.490 [main] PackageRelationshipCollection - Parsing relationship: /xl/_rels/workbook.xml.rels
[DEBUG] 08-02-2023 12:35:44.559 [main] PackageRelationshipCollection - Parsing relationship: /xl/worksheets/_rels/sheet1.xml.rels
[DEBUG] 08-02-2023 12:35:44.652 [main] PackageRelationshipCollection - Parsing relationship: /xl/worksheets/_rels/sheet2.xml.rels
[DEBUG] 08-02-2023 12:35:44.684 [main] PackageRelationshipCollection - Parsing relationship: /_rels/.rels
[DEBUG] 08-02-2023 12:35:44.751 [main] POIXMLFactory - using default POIXMLDocumentPart for http://schemas.openxmlformats.org/officeDocument/2006/relationships/printerSettings
[DEBUG] 08-02-2023 12:35:44.752 [main] POIXMLFactory - using default POIXMLDocumentPart for http://schemas.openxmlformats.org/officeDocument/2006/relationships/printerSettings
[INFO ] 08-02-2023 12:35:47.441 [main] LogUtil - User Tap On OS
[INFO ] 08-02-2023 12:35:47.441 [main] LogUtil - User Tap On OS
[INFO ] 08-02-2023 12:35:49.143 [main] LogUtil - User Tap on SMS Messaging
[INFO ] 08-02-2023 12:35:49.143 [main] LogUtil - User Tap on SMS Messaging
[DEBUG] 08-02-2023 12:35:49.150 [main] PackageRelationshipCollection - Parsing relationship: /xl/_rels/workbook.xml.rels
[DEBUG] 08-02-2023 12:35:49.150 [main] PackageRelationshipCollection - Parsing relationship: /xl/worksheets/_rels/sheet1.xml.rels
[DEBUG] 08-02-2023 12:35:49.151 [main] PackageRelationshipCollection - Parsing relationship: /xl/worksheets/_rels/sheet2.xml.rels
[DEBUG] 08-02-2023 12:35:49.152 [main] PackageRelationshipCollection - Parsing relationship: /_rels/.rels
[DEBUG] 08-02-2023 12:35:49.172 [main] POIXMLFactory - using default POIXMLDocumentPart for http://schemas.openxmlformats.org/officeDocument/2006/relationships/printerSettings
[DEBUG] 08-02-2023 12:35:49.172 [main] POIXMLFactory - using default POIXMLDocumentPart for http://schemas.openxmlformats.org/officeDocument/2006/relationships/printerSettings
[DEBUG] 08-02-2023 12:35:49.201 [main] PackageRelationshipCollection - Parsing relationship: /xl/_rels/workbook.xml.rels
[DEBUG] 08-02-2023 12:35:49.205 [main] PackageRelationshipCollection - Parsing relationship: /xl/worksheets/_rels/sheet1.xml.rels
[DEBUG] 08-02-2023 12:35:49.221 [main] PackageRelationshipCollection - Parsing relationship: /xl/worksheets/_rels/sheet2.xml.rels
[DEBUG] 08-02-2023 12:35:49.222 [main] PackageRelationshipCollection - Parsing relationship: /_rels/.rels
[DEBUG] 08-02-2023 12:35:49.245 [main] POIXMLFactory - using default POIXMLDocumentPart for http://schemas.openxmlformats.org/officeDocument/2006/relationships/printerSettings
[DEBUG] 08-02-2023 12:35:49.304 [main] POIXMLFactory - using default POIXMLDocumentPart for http://schemas.openxmlformats.org/officeDocument/2006/relationships/printerSettings
[INFO ] 08-02-2023 12:35:54.178 [main] LogUtil - ******Test the functionality of SMS Feature with Invalid recipient was Tested Successfully ******
[INFO ] 08-02-2023 12:35:54.178 [main] LogUtil - ******Test the functionality of SMS Feature with Invalid recipient was Tested Successfully ******
[INFO ] 08-02-2023 12:35:55.598 [main] LogUtil - Srevice Stoped
[INFO ] 08-02-2023 12:35:55.598 [main] LogUtil - Srevice Stoped
[DEBUG] 08-02-2023 14:34:44.170 [main] PackageRelationshipCollection - Parsing relationship: /xl/_rels/workbook.xml.rels
[DEBUG] 08-02-2023 14:34:44.176 [main] PackageRelationshipCollection - Parsing relationship: /xl/worksheets/_rels/sheet1.xml.rels
[DEBUG] 08-02-2023 14:34:44.177 [main] PackageRelationshipCollection - Parsing relationship: /xl/worksheets/_rels/sheet2.xml.rels
[DEBUG] 08-02-2023 14:34:44.178 [main] PackageRelationshipCollection - Parsing relationship: /_rels/.rels
[DEBUG] 08-02-2023 14:34:44.719 [main] POIXMLFactory - using default POIXMLDocumentPart for http://schemas.openxmlformats.org/officeDocument/2006/relationships/printerSettings
[DEBUG] 08-02-2023 14:34:44.720 [main] POIXMLFactory - using default POIXMLDocumentPart for http://schemas.openxmlformats.org/officeDocument/2006/relationships/printerSettings
[INFO ] 08-02-2023 14:34:55.221 [main] LogUtil - Driver Initiated
[INFO ] 08-02-2023 14:34:55.221 [main] LogUtil - Driver Initiated
[INFO ] 08-02-2023 14:34:55.221 [main] LogUtil - ******************** App Started ********************
[INFO ] 08-02-2023 14:34:55.221 [main] LogUtil - ******************** App Started ********************
[DEBUG] 08-02-2023 14:34:55.245 [main] PackageRelationshipCollection - Parsing relationship: /xl/_rels/workbook.xml.rels
[DEBUG] 08-02-2023 14:34:55.246 [main] PackageRelationshipCollection - Parsing relationship: /xl/worksheets/_rels/sheet1.xml.rels
[DEBUG] 08-02-2023 14:34:55.247 [main] PackageRelationshipCollection - Parsing relationship: /xl/worksheets/_rels/sheet2.xml.rels
[DEBUG] 08-02-2023 14:34:55.250 [main] PackageRelationshipCollection - Parsing relationship: /_rels/.rels
[DEBUG] 08-02-2023 14:34:55.271 [main] POIXMLFactory - using default POIXMLDocumentPart for http://schemas.openxmlformats.org/officeDocument/2006/relationships/printerSettings
[DEBUG] 08-02-2023 14:34:55.273 [main] POIXMLFactory - using default POIXMLDocumentPart for http://schemas.openxmlformats.org/officeDocument/2006/relationships/printerSettings
[DEBUG] 08-02-2023 14:34:55.304 [main] PackageRelationshipCollection - Parsing relationship: /xl/_rels/workbook.xml.rels
[DEBUG] 08-02-2023 14:34:55.306 [main] PackageRelationshipCollection - Parsing relationship: /xl/worksheets/_rels/sheet1.xml.rels
[DEBUG] 08-02-2023 14:34:55.313 [main] PackageRelationshipCollection - Parsing relationship: /xl/worksheets/_rels/sheet2.xml.rels
[DEBUG] 08-02-2023 14:34:55.315 [main] PackageRelationshipCollection - Parsing relationship: /_rels/.rels
[DEBUG] 08-02-2023 14:34:55.334 [main] POIXMLFactory - using default POIXMLDocumentPart for http://schemas.openxmlformats.org/officeDocument/2006/relationships/printerSettings
[DEBUG] 08-02-2023 14:34:55.335 [main] POIXMLFactory - using default POIXMLDocumentPart for http://schemas.openxmlformats.org/officeDocument/2006/relationships/printerSettings
[DEBUG] 08-02-2023 14:34:55.552 [main] PackageRelationshipCollection - Parsing relationship: /xl/_rels/workbook.xml.rels
[DEBUG] 08-02-2023 14:34:55.553 [main] PackageRelationshipCollection - Parsing relationship: /xl/worksheets/_rels/sheet1.xml.rels
[DEBUG] 08-02-2023 14:34:55.554 [main] PackageRelationshipCollection - Parsing relationship: /xl/worksheets/_rels/sheet2.xml.rels
[DEBUG] 08-02-2023 14:34:55.555 [main] PackageRelationshipCollection - Parsing relationship: /_rels/.rels
[DEBUG] 08-02-2023 14:34:55.571 [main] POIXMLFactory - using default POIXMLDocumentPart for http://schemas.openxmlformats.org/officeDocument/2006/relationships/printerSettings
[DEBUG] 08-02-2023 14:34:55.572 [main] POIXMLFactory - using default POIXMLDocumentPart for http://schemas.openxmlformats.org/officeDocument/2006/relationships/printerSettings
[DEBUG] 08-02-2023 14:34:55.622 [main] PackageRelationshipCollection - Parsing relationship: /xl/_rels/workbook.xml.rels
[DEBUG] 08-02-2023 14:34:55.624 [main] PackageRelationshipCollection - Parsing relationship: /xl/worksheets/_rels/sheet1.xml.rels
[DEBUG] 08-02-2023 14:34:55.625 [main] PackageRelationshipCollection - Parsing relationship: /xl/worksheets/_rels/sheet2.xml.rels
[DEBUG] 08-02-2023 14:34:55.626 [main] PackageRelationshipCollection - Parsing relationship: /_rels/.rels
[DEBUG] 08-02-2023 14:34:55.647 [main] POIXMLFactory - using default POIXMLDocumentPart for http://schemas.openxmlformats.org/officeDocument/2006/relationships/printerSettings
[DEBUG] 08-02-2023 14:34:55.648 [main] POIXMLFactory - using default POIXMLDocumentPart for http://schemas.openxmlformats.org/officeDocument/2006/relationships/printerSettings
[DEBUG] 08-02-2023 14:34:55.724 [main] PackageRelationshipCollection - Parsing relationship: /xl/_rels/workbook.xml.rels
[DEBUG] 08-02-2023 14:34:55.726 [main] PackageRelationshipCollection - Parsing relationship: /xl/worksheets/_rels/sheet1.xml.rels
[DEBUG] 08-02-2023 14:34:55.727 [main] PackageRelationshipCollection - Parsing relationship: /xl/worksheets/_rels/sheet2.xml.rels
[DEBUG] 08-02-2023 14:34:55.734 [main] PackageRelationshipCollection - Parsing relationship: /_rels/.rels
[DEBUG] 08-02-2023 14:34:55.747 [main] POIXMLFactory - using default POIXMLDocumentPart for http://schemas.openxmlformats.org/officeDocument/2006/relationships/printerSettings
[DEBUG] 08-02-2023 14:34:55.747 [main] POIXMLFactory - using default POIXMLDocumentPart for http://schemas.openxmlformats.org/officeDocument/2006/relationships/printerSettings
[INFO ] 08-02-2023 14:34:57.861 [main] LogUtil - User Tap On OS
[INFO ] 08-02-2023 14:34:57.861 [main] LogUtil - User Tap On OS
[INFO ] 08-02-2023 14:34:59.395 [main] LogUtil - User Tap on SMS Messaging
[INFO ] 08-02-2023 14:34:59.395 [main] LogUtil - User Tap on SMS Messaging
[DEBUG] 08-02-2023 14:34:59.402 [main] PackageRelationshipCollection - Parsing relationship: /xl/_rels/workbook.xml.rels
[DEBUG] 08-02-2023 14:34:59.403 [main] PackageRelationshipCollection - Parsing relationship: /xl/worksheets/_rels/sheet1.xml.rels
[DEBUG] 08-02-2023 14:34:59.405 [main] PackageRelationshipCollection - Parsing relationship: /xl/worksheets/_rels/sheet2.xml.rels
[DEBUG] 08-02-2023 14:34:59.406 [main] PackageRelationshipCollection - Parsing relationship: /_rels/.rels
[DEBUG] 08-02-2023 14:34:59.415 [main] POIXMLFactory - using default POIXMLDocumentPart for http://schemas.openxmlformats.org/officeDocument/2006/relationships/printerSettings
[DEBUG] 08-02-2023 14:34:59.415 [main] POIXMLFactory - using default POIXMLDocumentPart for http://schemas.openxmlformats.org/officeDocument/2006/relationships/printerSettings
[DEBUG] 08-02-2023 14:34:59.431 [main] PackageRelationshipCollection - Parsing relationship: /xl/_rels/workbook.xml.rels
[DEBUG] 08-02-2023 14:34:59.432 [main] PackageRelationshipCollection - Parsing relationship: /xl/worksheets/_rels/sheet1.xml.rels
[DEBUG] 08-02-2023 14:34:59.433 [main] PackageRelationshipCollection - Parsing relationship: /xl/worksheets/_rels/sheet2.xml.rels
[DEBUG] 08-02-2023 14:34:59.433 [main] PackageRelationshipCollection - Parsing relationship: /_rels/.rels
[DEBUG] 08-02-2023 14:34:59.445 [main] POIXMLFactory - using default POIXMLDocumentPart for http://schemas.openxmlformats.org/officeDocument/2006/relationships/printerSettings
[DEBUG] 08-02-2023 14:34:59.446 [main] POIXMLFactory - using default POIXMLDocumentPart for http://schemas.openxmlformats.org/officeDocument/2006/relationships/printerSettings
[INFO ] 08-02-2023 14:35:03.760 [main] LogUtil - ******Test the functionality of SMS Feature with Valid recipient was Tested Successfully ******
[INFO ] 08-02-2023 14:35:03.760 [main] LogUtil - ******Test the functionality of SMS Feature with Valid recipient was Tested Successfully ******
[DEBUG] 08-02-2023 14:35:03.787 [main] PackageRelationshipCollection - Parsing relationship: /xl/_rels/workbook.xml.rels
[DEBUG] 08-02-2023 14:35:03.791 [main] PackageRelationshipCollection - Parsing relationship: /xl/worksheets/_rels/sheet1.xml.rels
[DEBUG] 08-02-2023 14:35:03.795 [main] PackageRelationshipCollection - Parsing relationship: /xl/worksheets/_rels/sheet2.xml.rels
[DEBUG] 08-02-2023 14:35:03.796 [main] PackageRelationshipCollection - Parsing relationship: /_rels/.rels
[DEBUG] 08-02-2023 14:35:03.811 [main] POIXMLFactory - using default POIXMLDocumentPart for http://schemas.openxmlformats.org/officeDocument/2006/relationships/printerSettings
[DEBUG] 08-02-2023 14:35:03.811 [main] POIXMLFactory - using default POIXMLDocumentPart for http://schemas.openxmlformats.org/officeDocument/2006/relationships/printerSettings
[INFO ] 08-02-2023 14:35:10.923 [main] LogUtil - Driver Initiated
[INFO ] 08-02-2023 14:35:10.923 [main] LogUtil - Driver Initiated
[INFO ] 08-02-2023 14:35:10.923 [main] LogUtil - ******************** App Started ********************
[INFO ] 08-02-2023 14:35:10.923 [main] LogUtil - ******************** App Started ********************
[DEBUG] 08-02-2023 14:35:10.934 [main] PackageRelationshipCollection - Parsing relationship: /xl/_rels/workbook.xml.rels
[DEBUG] 08-02-2023 14:35:10.935 [main] PackageRelationshipCollection - Parsing relationship: /xl/worksheets/_rels/sheet1.xml.rels
[DEBUG] 08-02-2023 14:35:10.937 [main] PackageRelationshipCollection - Parsing relationship: /xl/worksheets/_rels/sheet2.xml.rels
[DEBUG] 08-02-2023 14:35:10.937 [main] PackageRelationshipCollection - Parsing relationship: /_rels/.rels
[DEBUG] 08-02-2023 14:35:10.951 [main] POIXMLFactory - using default POIXMLDocumentPart for http://schemas.openxmlformats.org/officeDocument/2006/relationships/printerSettings
[DEBUG] 08-02-2023 14:35:10.953 [main] POIXMLFactory - using default POIXMLDocumentPart for http://schemas.openxmlformats.org/officeDocument/2006/relationships/printerSettings
[DEBUG] 08-02-2023 14:35:10.973 [main] PackageRelationshipCollection - Parsing relationship: /xl/_rels/workbook.xml.rels
[DEBUG] 08-02-2023 14:35:10.974 [main] PackageRelationshipCollection - Parsing relationship: /xl/worksheets/_rels/sheet1.xml.rels
[DEBUG] 08-02-2023 14:35:10.975 [main] PackageRelationshipCollection - Parsing relationship: /xl/worksheets/_rels/sheet2.xml.rels
[DEBUG] 08-02-2023 14:35:10.975 [main] PackageRelationshipCollection - Parsing relationship: /_rels/.rels
[DEBUG] 08-02-2023 14:35:10.996 [main] POIXMLFactory - using default POIXMLDocumentPart for http://schemas.openxmlformats.org/officeDocument/2006/relationships/printerSettings
[DEBUG] 08-02-2023 14:35:10.997 [main] POIXMLFactory - using default POIXMLDocumentPart for http://schemas.openxmlformats.org/officeDocument/2006/relationships/printerSettings
[DEBUG] 08-02-2023 14:35:11.161 [main] PackageRelationshipCollection - Parsing relationship: /xl/_rels/workbook.xml.rels
[DEBUG] 08-02-2023 14:35:11.162 [main] PackageRelationshipCollection - Parsing relationship: /xl/worksheets/_rels/sheet1.xml.rels
[DEBUG] 08-02-2023 14:35:11.163 [main] PackageRelationshipCollection - Parsing relationship: /xl/worksheets/_rels/sheet2.xml.rels
[DEBUG] 08-02-2023 14:35:11.164 [main] PackageRelationshipCollection - Parsing relationship: /_rels/.rels
[DEBUG] 08-02-2023 14:35:11.176 [main] POIXMLFactory - using default POIXMLDocumentPart for http://schemas.openxmlformats.org/officeDocument/2006/relationships/printerSettings
[DEBUG] 08-02-2023 14:35:11.176 [main] POIXMLFactory - using default POIXMLDocumentPart for http://schemas.openxmlformats.org/officeDocument/2006/relationships/printerSettings
[DEBUG] 08-02-2023 14:35:11.275 [main] PackageRelationshipCollection - Parsing relationship: /xl/_rels/workbook.xml.rels
[DEBUG] 08-02-2023 14:35:11.275 [main] PackageRelationshipCollection - Parsing relationship: /xl/worksheets/_rels/sheet1.xml.rels
[DEBUG] 08-02-2023 14:35:11.278 [main] PackageRelationshipCollection - Parsing relationship: /xl/worksheets/_rels/sheet2.xml.rels
[DEBUG] 08-02-2023 14:35:11.279 [main] PackageRelationshipCollection - Parsing relationship: /_rels/.rels
[DEBUG] 08-02-2023 14:35:11.290 [main] POIXMLFactory - using default POIXMLDocumentPart for http://schemas.openxmlformats.org/officeDocument/2006/relationships/printerSettings
[DEBUG] 08-02-2023 14:35:11.291 [main] POIXMLFactory - using default POIXMLDocumentPart for http://schemas.openxmlformats.org/officeDocument/2006/relationships/printerSettings
[DEBUG] 08-02-2023 14:35:11.403 [main] PackageRelationshipCollection - Parsing relationship: /xl/_rels/workbook.xml.rels
[DEBUG] 08-02-2023 14:35:11.404 [main] PackageRelationshipCollection - Parsing relationship: /xl/worksheets/_rels/sheet1.xml.rels
[DEBUG] 08-02-2023 14:35:11.406 [main] PackageRelationshipCollection - Parsing relationship: /xl/worksheets/_rels/sheet2.xml.rels
[DEBUG] 08-02-2023 14:35:11.407 [main] PackageRelationshipCollection - Parsing relationship: /_rels/.rels
[DEBUG] 08-02-2023 14:35:11.421 [main] POIXMLFactory - using default POIXMLDocumentPart for http://schemas.openxmlformats.org/officeDocument/2006/relationships/printerSettings
[DEBUG] 08-02-2023 14:35:11.423 [main] POIXMLFactory - using default POIXMLDocumentPart for http://schemas.openxmlformats.org/officeDocument/2006/relationships/printerSettings
[INFO ] 08-02-2023 14:35:13.706 [main] LogUtil - User Tap On OS
[INFO ] 08-02-2023 14:35:13.706 [main] LogUtil - User Tap On OS
[INFO ] 08-02-2023 14:35:15.254 [main] LogUtil - User Tap on SMS Messaging
[INFO ] 08-02-2023 14:35:15.254 [main] LogUtil - User Tap on SMS Messaging
[DEBUG] 08-02-2023 14:35:15.262 [main] PackageRelationshipCollection - Parsing relationship: /xl/_rels/workbook.xml.rels
[DEBUG] 08-02-2023 14:35:15.264 [main] PackageRelationshipCollection - Parsing relationship: /xl/worksheets/_rels/sheet1.xml.rels
[DEBUG] 08-02-2023 14:35:15.265 [main] PackageRelationshipCollection - Parsing relationship: /xl/worksheets/_rels/sheet2.xml.rels
[DEBUG] 08-02-2023 14:35:15.266 [main] PackageRelationshipCollection - Parsing relationship: /_rels/.rels
[DEBUG] 08-02-2023 14:35:15.279 [main] POIXMLFactory - using default POIXMLDocumentPart for http://schemas.openxmlformats.org/officeDocument/2006/relationships/printerSettings
[DEBUG] 08-02-2023 14:35:15.279 [main] POIXMLFactory - using default POIXMLDocumentPart for http://schemas.openxmlformats.org/officeDocument/2006/relationships/printerSettings
[DEBUG] 08-02-2023 14:35:15.294 [main] PackageRelationshipCollection - Parsing relationship: /xl/_rels/workbook.xml.rels
[DEBUG] 08-02-2023 14:35:15.295 [main] PackageRelationshipCollection - Parsing relationship: /xl/worksheets/_rels/sheet1.xml.rels
[DEBUG] 08-02-2023 14:35:15.296 [main] PackageRelationshipCollection - Parsing relationship: /xl/worksheets/_rels/sheet2.xml.rels
[DEBUG] 08-02-2023 14:35:15.296 [main] PackageRelationshipCollection - Parsing relationship: /_rels/.rels
[DEBUG] 08-02-2023 14:35:15.312 [main] POIXMLFactory - using default POIXMLDocumentPart for http://schemas.openxmlformats.org/officeDocument/2006/relationships/printerSettings
[DEBUG] 08-02-2023 14:35:15.313 [main] POIXMLFactory - using default POIXMLDocumentPart for http://schemas.openxmlformats.org/officeDocument/2006/relationships/printerSettings
[INFO ] 08-02-2023 14:35:19.093 [main] LogUtil - ******Test the functionality of SMS Feature with Invalid recipient was Tested Successfully ******
[INFO ] 08-02-2023 14:35:19.093 [main] LogUtil - ******Test the functionality of SMS Feature with Invalid recipient was Tested Successfully ******
